[0227/210241.218:ERROR:process_memory_win.cc(73)] ReadMemory at 0x22a5f640000 of 64 bytes failed: Solo se completó una parte de una solicitud ReadProcessMemory o WriteProcessMemory. (0x12B)
[0227/210242.037:WARNING:pe_image_reader.cc(340)] could not read dos header from C:\WINDOWS\System32\combase.dll
[0227/210242.076:ERROR:process_memory_win.cc(73)] ReadMemory at 0x22a5f533770 of 72 bytes failed: Solo se completó una parte de una solicitud ReadProcessMemory o WriteProcessMemory. (0x12B)
[0227/210242.076:WARNING:pe_image_annotations_reader.cc(134)] could not read annotations list object in C:\Program Files (x86)\Google\Chrome\Application\79.0.3945.130\chrome_elf.dll
[0227/210242.077:ERROR:process_memory_win.cc(73)] ReadMemory at 0x22a5fa88340 of 72 bytes failed: Solo se completó una parte de una solicitud ReadProcessMemory o WriteProcessMemory. (0x12B)
[0227/210242.082:WARNING:pe_image_annotations_reader.cc(134)] could not read annotations list object in C:\Program Files (x86)\Google\Chrome\Application\79.0.3945.130\chrome_child.dll
[0227/210242.083:ERROR:process_memory_win.cc(73)] ReadMemory at 0x22a5f640000 of 64 bytes failed: Solo se completó una parte de una solicitud ReadProcessMemory o WriteProcessMemory. (0x12B)
[0227/210242.083:WARNING:pe_image_reader.cc(340)] could not read dos header from C:\WINDOWS\System32\combase.dll
[0227/210242.083:ERROR:process_memory_win.cc(73)] ReadMemory at 0x22a5f640000 of 64 bytes failed: Solo se completó una parte de una solicitud ReadProcessMemory o WriteProcessMemory. (0x12B)
[0227/210242.083:WARNING:pe_image_reader.cc(340)] could not read dos header from C:\WINDOWS\System32\combase.dll
[0227/210306.858:ERROR:process_memory_win.cc(73)] ReadMemory at 0x22a5f533770 of 72 bytes failed: Solo se completó una parte de una solicitud ReadProcessMemory o WriteProcessMemory. (0x12B)
[0227/210306.858:WARNING:pe_image_annotations_reader.cc(134)] could not read annotations list object in C:\Program Files (x86)\Google\Chrome\Application\79.0.3945.130\chrome_elf.dll
[0227/210306.859:ERROR:process_memory_win.cc(73)] ReadMemory at 0x22a5fa88340 of 72 bytes failed: Solo se completó una parte de una solicitud ReadProcessMemory o WriteProcessMemory. (0x12B)
[0227/210306.859:WARNING:pe_image_annotations_reader.cc(134)] could not read annotations list object in C:\Program Files (x86)\Google\Chrome\Application\79.0.3945.130\chrome_child.dll
[0227/210306.859:ERROR:process_memory_win.cc(73)] ReadMemory at 0x22a5f640000 of 64 bytes failed: Solo se completó una parte de una solicitud ReadProcessMemory o WriteProcessMemory. (0x12B)
[0227/210306.859:WARNING:pe_image_reader.cc(340)] could not read dos header from C:\WINDOWS\System32\combase.dll
[0227/210306.860:ERROR:process_memory_win.cc(73)] ReadMemory at 0x22a5f533770 of 72 bytes failed: Solo se completó una parte de una solicitud ReadProcessMemory o WriteProcessMemory. (0x12B)
[0227/210306.860:WARNING:pe_image_annotations_reader.cc(134)] could not read annotations list object in C:\Program Files (x86)\Google\Chrome\Application\79.0.3945.130\chrome_elf.dll
[0227/210306.861:ERROR:process_memory_win.cc(73)] ReadMemory at 0x22a5fa88340 of 72 bytes failed: Solo se completó una parte de una solicitud ReadProcessMemory o WriteProcessMemory. (0x12B)
[0227/210306.861:WARNING:pe_image_annotations_reader.cc(134)] could not read annotations list object in C:\Program Files (x86)\Google\Chrome\Application\79.0.3945.130\chrome_child.dll
[0227/210306.861:ERROR:process_memory_win.cc(73)] ReadMemory at 0x22a5f640000 of 64 bytes failed: Solo se completó una parte de una solicitud ReadProcessMemory o WriteProcessMemory. (0x12B)
[0227/210306.861:WARNING:pe_image_reader.cc(340)] could not read dos header from C:\WINDOWS\System32\combase.dll
[0227/210306.968:ERROR:process_memory_win.cc(73)] ReadMemory at 0xaff6be6000 of 106496 bytes failed: Solo se completó una parte de una solicitud ReadProcessMemory o WriteProcessMemory. (0x12B)
[0227/210306.968:ERROR:process_memory_win.cc(73)] ReadMemory at 0xaff73fd000 of 12288 bytes failed: Solo se completó una parte de una solicitud ReadProcessMemory o WriteProcessMemory. (0x12B)
[0227/210306.969:ERROR:process_memory_win.cc(73)] ReadMemory at 0xaff83fd000 of 12288 bytes failed: Solo se completó una parte de una solicitud ReadProcessMemory o WriteProcessMemory. (0x12B)
[0227/210306.969:ERROR:process_memory_win.cc(73)] ReadMemory at 0xaff8bfb000 of 20480 bytes failed: Solo se completó una parte de una solicitud ReadProcessMemory o WriteProcessMemory. (0x12B)
[0227/210306.969:ERROR:process_memory_win.cc(73)] ReadMemory at 0xaff93ff000 of 4096 bytes failed: Solo se completó una parte de una solicitud ReadProcessMemory o WriteProcessMemory. (0x12B)
[0227/210306.969:ERROR:process_memory_win.cc(73)] ReadMemory at 0xaff9bfc000 of 16384 bytes failed: Solo se completó una parte de una solicitud ReadProcessMemory o WriteProcessMemory. (0x12B)
[0227/210306.969:ERROR:process_memory_win.cc(73)] ReadMemory at 0xaffa3fb000 of 20480 bytes failed: Solo se completó una parte de una solicitud ReadProcessMemory o WriteProcessMemory. (0x12B)
[0227/210306.970:ERROR:process_memory_win.cc(73)] ReadMemory at 0xaffabfb000 of 20480 bytes failed: Solo se completó una parte de una solicitud ReadProcessMemory o WriteProcessMemory. (0x12B)
[0227/210306.970:ERROR:process_memory_win.cc(73)] ReadMemory at 0xaffbbfa000 of 24576 bytes failed: Solo se completó una parte de una solicitud ReadProcessMemory o WriteProcessMemory. (0x12B)
[0227/210306.970:ERROR:process_memory_win.cc(73)] ReadMemory at 0xaffc3fa000 of 24576 bytes failed: Solo se completó una parte de una solicitud ReadProcessMemory o WriteProcessMemory. (0x12B)
[0227/210306.970:ERROR:process_memory_win.cc(73)] ReadMemory at 0xaffcbfa000 of 24576 bytes failed: Solo se completó una parte de una solicitud ReadProcessMemory o WriteProcessMemory. (0x12B)
[0227/210306.971:ERROR:process_memory_win.cc(73)] ReadMemory at 0xaf80ffc000 of 16384 bytes failed: Solo se completó una parte de una solicitud ReadProcessMemory o WriteProcessMemory. (0x12B)
[0227/210306.976:ERROR:process_memory_win.cc(73)] ReadMemory at 0xaf817fd000 of 12288 bytes failed: Solo se completó una parte de una solicitud ReadProcessMemory o WriteProcessMemory. (0x12B)
[0227/210306.976:ERROR:process_memory_win.cc(73)] ReadMemory at 0xaf82ff8000 of 32768 bytes failed: Solo se completó una parte de una solicitud ReadProcessMemory o WriteProcessMemory. (0x12B)
[0227/210306.976:ERROR:process_memory_win.cc(73)] ReadMemory at 0xaf807fd000 of 12288 bytes failed: Solo se completó una parte de una solicitud ReadProcessMemory o WriteProcessMemory. (0x12B)
[0227/210306.976:ERROR:process_memory_win.cc(73)] ReadMemory at 0xaf81ffd000 of 12288 bytes failed: Solo se completó una parte de una solicitud ReadProcessMemory o WriteProcessMemory. (0x12B)
[0227/210306.976:ERROR:process_memory_win.cc(73)] ReadMemory at 0xaf827ff000 of 4096 bytes failed: Solo se completó una parte de una solicitud ReadProcessMemory o WriteProcessMemory. (0x12B)
[0227/210306.977:ERROR:process_memory_win.cc(73)] ReadMemory at 0xaff620c000 of 852 bytes failed: Solo se completó una parte de una solicitud ReadProcessMemory o WriteProcessMemory. (0x12B)
[0227/210306.977:ERROR:process_memory_win.cc(73)] ReadMemory at 0xaff620d000 of 6024 bytes failed: Solo se completó una parte de una solicitud ReadProcessMemory o WriteProcessMemory. (0x12B)
[0227/210306.977:ERROR:process_memory_win.cc(73)] ReadMemory at 0xaff620f000 of 6024 bytes failed: Solo se completó una parte de una solicitud ReadProcessMemory o WriteProcessMemory. (0x12B)
[0227/210306.977:ERROR:process_memory_win.cc(73)] ReadMemory at 0xaff6213000 of 6024 bytes failed: Solo se completó una parte de una solicitud ReadProcessMemory o WriteProcessMemory. (0x12B)
[0227/210306.977:ERROR:process_memory_win.cc(73)] ReadMemory at 0xaff6215000 of 6024 bytes failed: Solo se completó una parte de una solicitud ReadProcessMemory o WriteProcessMemory. (0x12B)
[0227/210306.977:ERROR:process_memory_win.cc(73)] ReadMemory at 0xaff6217000 of 6024 bytes failed: Solo se completó una parte de una solicitud ReadProcessMemory o WriteProcessMemory. (0x12B)
[0227/210306.977:ERROR:process_memory_win.cc(73)] ReadMemory at 0xaff6219000 of 6024 bytes failed: Solo se completó una parte de una solicitud ReadProcessMemory o WriteProcessMemory. (0x12B)
[0227/210306.977:ERROR:process_memory_win.cc(73)] ReadMemory at 0xaff621b000 of 6024 bytes failed: Solo se completó una parte de una solicitud ReadProcessMemory o WriteProcessMemory. (0x12B)
[0227/210306.977:ERROR:process_memory_win.cc(73)] ReadMemory at 0xaff621d000 of 6024 bytes failed: Solo se completó una parte de una solicitud ReadProcessMemory o WriteProcessMemory. (0x12B)
[0227/210306.978:ERROR:process_memory_win.cc(73)] ReadMemory at 0xaff6221000 of 6024 bytes failed: Solo se completó una parte de una solicitud ReadProcessMemory o WriteProcessMemory. (0x12B)
[0227/210306.978:ERROR:process_memory_win.cc(73)] ReadMemory at 0xaff6223000 of 6024 bytes failed: Solo se completó una parte de una solicitud ReadProcessMemory o WriteProcessMemory. (0x12B)
[0227/210306.978:ERROR:process_memory_win.cc(73)] ReadMemory at 0xaff6225000 of 6024 bytes failed: Solo se completó una parte de una solicitud ReadProcessMemory o WriteProcessMemory. (0x12B)
[0227/210306.978:ERROR:process_memory_win.cc(73)] ReadMemory at 0xaff6235000 of 6024 bytes failed: Solo se completó una parte de una solicitud ReadProcessMemory o WriteProcessMemory. (0x12B)
[0227/210306.978:ERROR:process_memory_win.cc(73)] ReadMemory at 0xaff6239000 of 6024 bytes failed: Solo se completó una parte de una solicitud ReadProcessMemory o WriteProcessMemory. (0x12B)
[0227/210306.978:ERROR:process_memory_win.cc(73)] ReadMemory at 0xaff62a3000 of 6024 bytes failed: Solo se completó una parte de una solicitud ReadProcessMemory o WriteProcessMemory. (0x12B)
[0227/210306.978:ERROR:process_memory_win.cc(73)] ReadMemory at 0xaff62db000 of 6024 bytes failed: Solo se completó una parte de una solicitud ReadProcessMemory o WriteProcessMemory. (0x12B)
[0227/210306.978:ERROR:process_memory_win.cc(73)] ReadMemory at 0xaff630d000 of 6024 bytes failed: Solo se completó una parte de una solicitud ReadProcessMemory o WriteProcessMemory. (0x12B)
[0227/210306.979:ERROR:process_memory_win.cc(73)] ReadMemory at 0xaff630f000 of 6024 bytes failed: Solo se completó una parte de una solicitud ReadProcessMemory o WriteProcessMemory. (0x12B)
[0227/210306.979:ERROR:process_memory_win.cc(73)] ReadMemory at 0x22a5f190fe0 of 15396 bytes failed: Solo se completó una parte de una solicitud ReadProcessMemory o WriteProcessMemory. (0x12B)
[0227/210306.979:ERROR:process_memory_win.cc(73)] ReadMemory at 0x22a5f194c10 of 1012 bytes failed: Solo se completó una parte de una solicitud ReadProcessMemory o WriteProcessMemory. (0x12B)
[0227/210306.979:ERROR:process_memory_win.cc(73)] ReadMemory at 0x22a5f195258 of 118 bytes failed: Solo se completó una parte de una solicitud ReadProcessMemory o WriteProcessMemory. (0x12B)
[0227/210306.979:ERROR:process_memory_win.cc(73)] ReadMemory at 0x22a5f1952d0 of 856 bytes failed: Solo se completó una parte de una solicitud ReadProcessMemory o WriteProcessMemory. (0x12B)
[0227/210306.979:ERROR:process_memory_win.cc(73)] ReadMemory at 0x22a5f19562a of 118 bytes failed: Solo se completó una parte de una solicitud ReadProcessMemory o WriteProcessMemory. (0x12B)
[0227/210306.979:ERROR:process_memory_win.cc(73)] ReadMemory at 0x22a5f1956a2 of 96 bytes failed: Solo se completó una parte de una solicitud ReadProcessMemory o WriteProcessMemory. (0x12B)
[0227/210306.979:ERROR:process_memory_win.cc(73)] ReadMemory at 0x22a5f195710 of 58 bytes failed: Solo se completó una parte de una solicitud ReadProcessMemory o WriteProcessMemory. (0x12B)
[0227/210306.979:ERROR:process_memory_win.cc(73)] ReadMemory at 0x22a5f195810 of 132 bytes failed: Solo se completó una parte de una solicitud ReadProcessMemory o WriteProcessMemory. (0x12B)
[0227/210306.979:ERROR:process_memory_win.cc(73)] ReadMemory at 0x22a5f1959a0 of 132 bytes failed: Solo se completó una parte de una solicitud ReadProcessMemory o WriteProcessMemory. (0x12B)
[0227/210306.979:ERROR:process_memory_win.cc(73)] ReadMemory at 0x22a5f195b60 of 126 bytes failed: Solo se completó una parte de una solicitud ReadProcessMemory o WriteProcessMemory. (0x12B)
[0227/210306.980:ERROR:process_memory_win.cc(73)] ReadMemory at 0x22a5f195f40 of 132 bytes failed: Solo se completó una parte de una solicitud ReadProcessMemory o WriteProcessMemory. (0x12B)
[0227/210306.980:ERROR:process_memory_win.cc(73)] ReadMemory at 0x22a5f1960d0 of 64 bytes failed: Solo se completó una parte de una solicitud ReadProcessMemory o WriteProcessMemory. (0x12B)
[0227/210306.980:ERROR:process_memory_win.cc(73)] ReadMemory at 0x22a5f196120 of 132 bytes failed: Solo se completó una parte de una solicitud ReadProcessMemory o WriteProcessMemory. (0x12B)
[0227/210306.980:ERROR:process_memory_win.cc(73)] ReadMemory at 0x22a5f196290 of 132 bytes failed: Solo se completó una parte de una solicitud ReadProcessMemory o WriteProcessMemory. (0x12B)
[0227/210306.980:ERROR:process_memory_win.cc(73)] ReadMemory at 0x22a5f196530 of 132 bytes failed: Solo se completó una parte de una solicitud ReadProcessMemory o WriteProcessMemory. (0x12B)
[0227/210306.980:ERROR:process_memory_win.cc(73)] ReadMemory at 0x22a5f1966c0 of 68 bytes failed: Solo se completó una parte de una solicitud ReadProcessMemory o WriteProcessMemory. (0x12B)
[0227/210306.980:ERROR:process_memory_win.cc(73)] ReadMemory at 0x22a5f1976e0 of 158 bytes failed: Solo se completó una parte de una solicitud ReadProcessMemory o WriteProcessMemory. (0x12B)
[0227/210306.980:ERROR:process_memory_win.cc(73)] ReadMemory at 0x22a5f1977c0 of 132 bytes failed: Solo se completó una parte de una solicitud ReadProcessMemory o WriteProcessMemory. (0x12B)
[0227/210306.980:ERROR:process_memory_win.cc(73)] ReadMemory at 0x22a5f197950 of 154 bytes failed: Solo se completó una parte de una solicitud ReadProcessMemory o WriteProcessMemory. (0x12B)
[0227/210306.980:ERROR:process_memory_win.cc(73)] ReadMemory at 0x22a5f198810 of 62 bytes failed: Solo se completó una parte de una solicitud ReadProcessMemory o WriteProcessMemory. (0x12B)
[0227/210306.980:ERROR:process_memory_win.cc(73)] ReadMemory at 0x22a5f198940 of 132 bytes failed: Solo se completó una parte de una solicitud ReadProcessMemory o WriteProcessMemory. (0x12B)
[0227/210306.980:ERROR:process_memory_win.cc(73)] ReadMemory at 0x22a5f198ad0 of 60 bytes failed: Solo se completó una parte de una solicitud ReadProcessMemory o WriteProcessMemory. (0x12B)
[0227/210306.980:ERROR:process_memory_win.cc(73)] ReadMemory at 0x22a5f199ab0 of 132 bytes failed: Solo se completó una parte de una solicitud ReadProcessMemory o WriteProcessMemory. (0x12B)
[0227/210306.980:ERROR:process_memory_win.cc(73)] ReadMemory at 0x22a5f199d90 of 132 bytes failed: Solo se completó una parte de una solicitud ReadProcessMemory o WriteProcessMemory. (0x12B)
[0227/210306.981:ERROR:process_memory_win.cc(73)] ReadMemory at 0x22a5f199e40 of 512 bytes failed: Solo se completó una parte de una solicitud ReadProcessMemory o WriteProcessMemory. (0x12B)
[0227/210306.981:ERROR:process_memory_win.cc(73)] ReadMemory at 0x22a5f19a140 of 132 bytes failed: Solo se completó una parte de una solicitud ReadProcessMemory o WriteProcessMemory. (0x12B)
[0227/210306.981:ERROR:process_memory_win.cc(73)] ReadMemory at 0x22a5f19c890 of 132 bytes failed: Solo se completó una parte de una solicitud ReadProcessMemory o WriteProcessMemory. (0x12B)
[0227/210306.981:ERROR:process_memory_win.cc(73)] ReadMemory at 0x22a5f19c9c0 of 132 bytes failed: Solo se completó una parte de una solicitud ReadProcessMemory o WriteProcessMemory. (0x12B)
[0227/210306.981:ERROR:process_memory_win.cc(73)] ReadMemory at 0x22a5f19cb50 of 80 bytes failed: Solo se completó una parte de una solicitud ReadProcessMemory o WriteProcessMemory. (0x12B)
[0227/210306.981:ERROR:process_memory_win.cc(73)] ReadMemory at 0x22a5f19cd40 of 62 bytes failed: Solo se completó una parte de una solicitud ReadProcessMemory o WriteProcessMemory. (0x12B)
[0227/210306.981:ERROR:process_memory_win.cc(73)] ReadMemory at 0x22a5f19cd90 of 64 bytes failed: Solo se completó una parte de una solicitud ReadProcessMemory o WriteProcessMemory. (0x12B)
[0227/210306.981:ERROR:process_memory_win.cc(73)] ReadMemory at 0x22a5f19cde0 of 64 bytes failed: Solo se completó una parte de una solicitud ReadProcessMemory o WriteProcessMemory. (0x12B)
[0227/210306.981:ERROR:process_memory_win.cc(73)] ReadMemory at 0x22a5f19ce30 of 64 bytes failed: Solo se completó una parte de una solicitud ReadProcessMemory o WriteProcessMemory. (0x12B)
[0227/210306.981:ERROR:process_memory_win.cc(73)] ReadMemory at 0x22a5f19ce80 of 62 bytes failed: Solo se completó una parte de una solicitud ReadProcessMemory o WriteProcessMemory. (0x12B)
[0227/210306.981:ERROR:process_memory_win.cc(73)] ReadMemory at 0x22a5f19ced0 of 60 bytes failed: Solo se completó una parte de una solicitud ReadProcessMemory o WriteProcessMemory. (0x12B)
[0227/210306.981:ERROR:process_memory_win.cc(73)] ReadMemory at 0x22a5f19cf20 of 64 bytes failed: Solo se completó una parte de una solicitud ReadProcessMemory o WriteProcessMemory. (0x12B)
[0227/210306.982:ERROR:process_memory_win.cc(73)] ReadMemory at 0x22a5f19d100 of 60 bytes failed: Solo se completó una parte de una solicitud ReadProcessMemory o WriteProcessMemory. (0x12B)
[0227/210306.982:ERROR:process_memory_win.cc(73)] ReadMemory at 0x22a5f19d3d0 of 66 bytes failed: Solo se completó una parte de una solicitud ReadProcessMemory o WriteProcessMemory. (0x12B)
[0227/210306.982:ERROR:process_memory_win.cc(73)] ReadMemory at 0x22a5f19d900 of 66 bytes failed: Solo se completó una parte de una solicitud ReadProcessMemory o WriteProcessMemory. (0x12B)
[0227/210306.982:ERROR:process_memory_win.cc(73)] ReadMemory at 0x22a5f19d950 of 60 bytes failed: Solo se completó una parte de una solicitud ReadProcessMemory o WriteProcessMemory. (0x12B)
[0227/210306.982:ERROR:process_memory_win.cc(73)] ReadMemory at 0x22a5f19d9f0 of 60 bytes failed: Solo se completó una parte de una solicitud ReadProcessMemory o WriteProcessMemory. (0x12B)
[0227/210306.982:ERROR:process_memory_win.cc(73)] ReadMemory at 0x22a5f19dc20 of 62 bytes failed: Solo se completó una parte de una solicitud ReadProcessMemory o WriteProcessMemory. (0x12B)
[0227/210306.982:ERROR:process_memory_win.cc(73)] ReadMemory at 0x22a5f19dcc0 of 64 bytes failed: Solo se completó una parte de una solicitud ReadProcessMemory o WriteProcessMemory. (0x12B)
[0227/210306.982:ERROR:process_memory_win.cc(73)] ReadMemory at 0x22a5f19dd60 of 58 bytes failed: Solo se completó una parte de una solicitud ReadProcessMemory o WriteProcessMemory. (0x12B)
[0227/210306.982:ERROR:process_memory_win.cc(73)] ReadMemory at 0x22a5f19ddb0 of 62 bytes failed: Solo se completó una parte de una solicitud ReadProcessMemory o WriteProcessMemory. (0x12B)
[0227/210306.982:ERROR:process_memory_win.cc(73)] ReadMemory at 0x22a5f19de50 of 64 bytes failed: Solo se completó una parte de una solicitud ReadProcessMemory o WriteProcessMemory. (0x12B)
[0227/210306.982:ERROR:process_memory_win.cc(73)] ReadMemory at 0x22a5f19e080 of 62 bytes failed: Solo se completó una parte de una solicitud ReadProcessMemory o WriteProcessMemory. (0x12B)
[0227/210306.982:ERROR:process_memory_win.cc(73)] ReadMemory at 0x22a5f19e0d0 of 64 bytes failed: Solo se completó una parte de una solicitud ReadProcessMemory o WriteProcessMemory. (0x12B)
[0227/210306.982:ERROR:process_memory_win.cc(73)] ReadMemory at 0x22a5f19e1c0 of 62 bytes failed: Solo se completó una parte de una solicitud ReadProcessMemory o WriteProcessMemory. (0x12B)
[0227/210306.982:ERROR:process_memory_win.cc(73)] ReadMemory at 0x22a5f19e300 of 64 bytes failed: Solo se completó una parte de una solicitud ReadProcessMemory o WriteProcessMemory. (0x12B)
[0227/210306.983:ERROR:process_memory_win.cc(73)] ReadMemory at 0x22a5f19e350 of 62 bytes failed: Solo se completó una parte de una solicitud ReadProcessMemory o WriteProcessMemory. (0x12B)
[0227/210306.983:ERROR:process_memory_win.cc(73)] ReadMemory at 0x22a5f19e3f0 of 62 bytes failed: Solo se completó una parte de una solicitud ReadProcessMemory o WriteProcessMemory. (0x12B)
[0227/210306.983:ERROR:process_memory_win.cc(73)] ReadMemory at 0x22a5f19e440 of 60 bytes failed: Solo se completó una parte de una solicitud ReadProcessMemory o WriteProcessMemory. (0x12B)
[0227/210306.983:ERROR:process_memory_win.cc(73)] ReadMemory at 0x22a5f19e580 of 60 bytes failed: Solo se completó una parte de una solicitud ReadProcessMemory o WriteProcessMemory. (0x12B)
[0227/210306.983:ERROR:process_memory_win.cc(73)] ReadMemory at 0x22a5f19e620 of 62 bytes failed: Solo se completó una parte de una solicitud ReadProcessMemory o WriteProcessMemory. (0x12B)
[0227/210306.983:ERROR:process_memory_win.cc(73)] ReadMemory at 0x22a5f19e800 of 62 bytes failed: Solo se completó una parte de una solicitud ReadProcessMemory o WriteProcessMemory. (0x12B)
[0227/210306.983:ERROR:process_memory_win.cc(73)] ReadMemory at 0x22a5f1a1840 of 132 bytes failed: Solo se completó una parte de una solicitud ReadProcessMemory o WriteProcessMemory. (0x12B)
[0227/210306.983:ERROR:process_memory_win.cc(73)] ReadMemory at 0x22a5f1a1970 of 132 bytes failed: Solo se completó una parte de una solicitud ReadProcessMemory o WriteProcessMemory. (0x12B)
[0227/210306.983:ERROR:process_memory_win.cc(73)] ReadMemory at 0x22a5f1a1aa0 of 132 bytes failed: Solo se completó una parte de una solicitud ReadProcessMemory o WriteProcessMemory. (0x12B)
[0227/210306.983:ERROR:process_memory_win.cc(73)] ReadMemory at 0x22a5f1a1bd0 of 132 bytes failed: Solo se completó una parte de una solicitud ReadProcessMemory o WriteProcessMemory. (0x12B)
[0227/210306.983:ERROR:process_memory_win.cc(73)] ReadMemory at 0x22a5f1a1e30 of 132 bytes failed: Solo se completó una parte de una solicitud ReadProcessMemory o WriteProcessMemory. (0x12B)
[0227/210306.983:ERROR:process_memory_win.cc(73)] ReadMemory at 0x22a5f1a1f60 of 132 bytes failed: Solo se completó una parte de una solicitud ReadProcessMemory o WriteProcessMemory. (0x12B)
[0227/210306.983:ERROR:process_memory_win.cc(73)] ReadMemory at 0x22a5f1a2090 of 132 bytes failed: Solo se completó una parte de una solicitud ReadProcessMemory o WriteProcessMemory. (0x12B)
[0227/210306.983:ERROR:process_memory_win.cc(73)] ReadMemory at 0x22a5f1a21c0 of 132 bytes failed: Solo se completó una parte de una solicitud ReadProcessMemory o WriteProcessMemory. (0x12B)
[0227/210306.984:ERROR:process_memory_win.cc(73)] ReadMemory at 0x22a5f1a22f0 of 132 bytes failed: Solo se completó una parte de una solicitud ReadProcessMemory o WriteProcessMemory. (0x12B)
[0227/210306.984:ERROR:process_memory_win.cc(73)] ReadMemory at 0x22a5f1a2420 of 132 bytes failed: Solo se completó una parte de una solicitud ReadProcessMemory o WriteProcessMemory. (0x12B)
[0227/210306.984:ERROR:process_memory_win.cc(73)] ReadMemory at 0x22a5f1a2550 of 132 bytes failed: Solo se completó una parte de una solicitud ReadProcessMemory o WriteProcessMemory. (0x12B)
[0227/210306.984:ERROR:process_memory_win.cc(73)] ReadMemory at 0x22a5f1a2680 of 132 bytes failed: Solo se completó una parte de una solicitud ReadProcessMemory o WriteProcessMemory. (0x12B)
[0227/210306.984:ERROR:process_memory_win.cc(73)] ReadMemory at 0x22a5f1a3330 of 132 bytes failed: Solo se completó una parte de una solicitud ReadProcessMemory o WriteProcessMemory. (0x12B)
[0227/210306.984:ERROR:process_memory_win.cc(73)] ReadMemory at 0x22a5f1a4cc0 of 76 bytes failed: Solo se completó una parte de una solicitud ReadProcessMemory o WriteProcessMemory. (0x12B)
[0227/210306.984:ERROR:process_memory_win.cc(73)] ReadMemory at 0x22a5f1a6be0 of 132 bytes failed: Solo se completó una parte de una solicitud ReadProcessMemory o WriteProcessMemory. (0x12B)
[0227/210306.984:ERROR:process_memory_win.cc(73)] ReadMemory at 0x22a5f1a6f30 of 132 bytes failed: Solo se completó una parte de una solicitud ReadProcessMemory o WriteProcessMemory. (0x12B)
[0227/210306.984:ERROR:process_memory_win.cc(73)] ReadMemory at 0x22a5f1a71a0 of 132 bytes failed: Solo se completó una parte de una solicitud ReadProcessMemory o WriteProcessMemory. (0x12B)
[0227/210306.984:ERROR:process_memory_win.cc(73)] ReadMemory at 0x22a5f1a92c0 of 54 bytes failed: Solo se completó una parte de una solicitud ReadProcessMemory o WriteProcessMemory. (0x12B)
[0227/210306.984:ERROR:process_memory_win.cc(73)] ReadMemory at 0x22a5f1aab90 of 132 bytes failed: Solo se completó una parte de una solicitud ReadProcessMemory o WriteProcessMemory. (0x12B)
[0227/210306.984:ERROR:process_memory_win.cc(73)] ReadMemory at 0x22a5f1aacc0 of 132 bytes failed: Solo se completó una parte de una solicitud ReadProcessMemory o WriteProcessMemory. (0x12B)
[0227/210306.984:ERROR:process_memory_win.cc(73)] ReadMemory at 0x22a5f1aadf0 of 132 bytes failed: Solo se completó una parte de una solicitud ReadProcessMemory o WriteProcessMemory. (0x12B)
[0227/210306.985:ERROR:process_memory_win.cc(73)] ReadMemory at 0x22a5f1ab510 of 132 bytes failed: Solo se completó una parte de una solicitud ReadProcessMemory o WriteProcessMemory. (0x12B)
[0227/210306.985:ERROR:process_memory_win.cc(73)] ReadMemory at 0x22a5f1ab8a0 of 132 bytes failed: Solo se completó una parte de una solicitud ReadProcessMemory o WriteProcessMemory. (0x12B)
[0227/210306.985:ERROR:process_memory_win.cc(73)] ReadMemory at 0x22a5f1abb00 of 132 bytes failed: Solo se completó una parte de una solicitud ReadProcessMemory o WriteProcessMemory. (0x12B)
[0227/210306.985:ERROR:process_memory_win.cc(73)] ReadMemory at 0x22a5f1ac220 of 132 bytes failed: Solo se completó una parte de una solicitud ReadProcessMemory o WriteProcessMemory. (0x12B)
[0227/210306.985:ERROR:process_memory_win.cc(73)] ReadMemory at 0x22a5f1ac480 of 132 bytes failed: Solo se completó una parte de una solicitud ReadProcessMemory o WriteProcessMemory. (0x12B)
[0227/210306.985:ERROR:process_memory_win.cc(73)] ReadMemory at 0x22a5f1ac5b0 of 132 bytes failed: Solo se completó una parte de una solicitud ReadProcessMemory o WriteProcessMemory. (0x12B)
[0227/210306.985:ERROR:process_memory_win.cc(73)] ReadMemory at 0x22a5f1ad010 of 512 bytes failed: Solo se completó una parte de una solicitud ReadProcessMemory o WriteProcessMemory. (0x12B)
[0227/210306.985:ERROR:process_memory_win.cc(73)] ReadMemory at 0x22a5f403d00 of 512 bytes failed: Solo se completó una parte de una solicitud ReadProcessMemory o WriteProcessMemory. (0x12B)
[0227/210306.985:ERROR:process_memory_win.cc(73)] ReadMemory at 0x22a5fab6b20 of 512 bytes failed: Solo se completó una parte de una solicitud ReadProcessMemory o WriteProcessMemory. (0x12B)
[0227/210306.985:ERROR:process_memory_win.cc(73)] ReadMemory at 0x22a5fac2b28 of 512 bytes failed: Solo se completó una parte de una solicitud ReadProcessMemory o WriteProcessMemory. (0x12B)
[0227/210306.985:ERROR:process_memory_win.cc(73)] ReadMemory at 0x22a5facce50 of 512 bytes failed: Solo se completó una parte de una solicitud ReadProcessMemory o WriteProcessMemory. (0x12B)
[0227/210306.985:ERROR:process_memory_win.cc(73)] ReadMemory at 0x22a5fadf8c0 of 712 bytes failed: Solo se completó una parte de una solicitud ReadProcessMemory o WriteProcessMemory. (0x12B)
[0227/210306.986:ERROR:process_memory_win.cc(73)] ReadMemory at 0x22a5fae2558 of 512 bytes failed: Solo se completó una parte de una solicitud ReadProcessMemory o WriteProcessMemory. (0x12B)
[0227/210306.986:ERROR:process_memory_win.cc(73)] ReadMemory at 0x22a5fae2948 of 512 bytes failed: Solo se completó una parte de una solicitud ReadProcessMemory o WriteProcessMemory. (0x12B)
[0227/210306.986:ERROR:process_memory_win.cc(73)] ReadMemory at 0x22a5fae2dc8 of 512 bytes failed: Solo se completó una parte de una solicitud ReadProcessMemory o WriteProcessMemory. (0x12B)
[0227/210306.986:ERROR:process_memory_win.cc(73)] ReadMemory at 0x22a5fb10e60 of 512 bytes failed: Solo se completó una parte de una solicitud ReadProcessMemory o WriteProcessMemory. (0x12B)
[0227/210306.986:ERROR:process_memory_win.cc(73)] ReadMemory at 0x22a5fb29a40 of 520 bytes failed: Solo se completó una parte de una solicitud ReadProcessMemory o WriteProcessMemory. (0x12B)
[0227/210306.986:ERROR:process_memory_win.cc(73)] ReadMemory at 0x22a619d3588 of 512 bytes failed: Solo se completó una parte de una solicitud ReadProcessMemory o WriteProcessMemory. (0x12B)
[0227/210306.986:ERROR:process_memory_win.cc(73)] ReadMemory at 0x22a629ae080 of 512 bytes failed: Solo se completó una parte de una solicitud ReadProcessMemory o WriteProcessMemory. (0x12B)
[0227/210306.986:ERROR:process_memory_win.cc(73)] ReadMemory at 0x22a69e778f8 of 512 bytes failed: Solo se completó una parte de una solicitud ReadProcessMemory o WriteProcessMemory. (0x12B)
[0227/210306.986:ERROR:process_memory_win.cc(73)] ReadMemory at 0x22a7d327740 of 512 bytes failed: Solo se completó una parte de una solicitud ReadProcessMemory o WriteProcessMemory. (0x12B)
[0227/210306.986:ERROR:process_memory_win.cc(73)] ReadMemory at 0x124ae0200439 of 736 bytes failed: Solo se completó una parte de una solicitud ReadProcessMemory o WriteProcessMemory. (0x12B)
[0227/210306.986:ERROR:process_memory_win.cc(73)] ReadMemory at 0x1d0cf9afd9a1 of 512 bytes failed: Solo se completó una parte de una solicitud ReadProcessMemory o WriteProcessMemory. (0x12B)
[0227/210306.986:ERROR:process_memory_win.cc(73)] ReadMemory at 0x277a9bb400a1 of 512 bytes failed: Solo se completó una parte de una solicitud ReadProcessMemory o WriteProcessMemory. (0x12B)
[0227/210307.130:ERROR:scoped_process_suspend.cc(40)] NtResumeProcess: Se intentó obtener acceso a un proceso que está cerrándose. (0xc000010a)
